<?xml version="1.0" encoding="UTF-8"?>
<!-- Generated by org.testng.reporters.JUnitReportReporter -->
<testsuite hostname="Ashutosh" failures="0" tests="1" name="com.oibk.testscripts.TC006_Customer_Registeration" time="50.380" errors="0" timestamp="15 Feb 2022 05:56:21 GMT">
  <testcase classname="com.oibk.testscripts.TC006_Customer_Registeration" name="TC006" time="50.380"/>
</testsuite> <!-- com.oibk.testscripts.TC006_Customer_Registeration -->
