<?xml version="1.0" encoding="UTF-8"?>
<!-- Generated by org.testng.reporters.JUnitReportReporter -->
<testsuite hostname="Ashutosh" failures="0" tests="1" name="com.oibk.testscripts.TC002_Welcome_Text_on_AdminPage" time="47.223" errors="0" timestamp="15 Feb 2022 05:56:21 GMT">
  <testcase classname="com.oibk.testscripts.TC002_Welcome_Text_on_AdminPage" name="TC002" time="47.223"/>
</testsuite> <!-- com.oibk.testscripts.TC002_Welcome_Text_on_AdminPage -->
