<?xml version="1.0" encoding="UTF-8"?>
<!-- Generated by org.testng.reporters.JUnitReportReporter -->
<testsuite hostname="Ashutosh" failures="0" tests="1" name="com.oibk.testscripts.TC003_Register_Branches" time="44.915" errors="0" timestamp="15 Feb 2022 05:56:21 GMT">
  <testcase classname="com.oibk.testscripts.TC003_Register_Branches" name="TC003" time="44.915"/>
</testsuite> <!-- com.oibk.testscripts.TC003_Register_Branches -->
