<?xml version="1.0" encoding="UTF-8"?>
<!-- Generated by org.testng.reporters.JUnitReportReporter -->
<testsuite hostname="Ashutosh" failures="0" tests="1" name="com.oibk.testscripts.TC001_Admin_Login_Logout" time="56.012" errors="0" timestamp="15 Feb 2022 05:56:21 GMT">
  <testcase classname="com.oibk.testscripts.TC001_Admin_Login_Logout" name="TC001" time="56.012"/>
</testsuite> <!-- com.oibk.testscripts.TC001_Admin_Login_Logout -->
