<?xml version="1.0" encoding="UTF-8"?>
<!-- Generated by org.testng.reporters.JUnitReportReporter -->
<testsuite hostname="Ashutosh" failures="0" tests="1" name="com.hrms.testscripts.TC003" time="7.517" errors="0" timestamp="2021-12-04T23:04:03 IST" skipped="0">
  <testcase classname="com.hrms.testscripts.TC003" name="tc003" time="7.517"/>
  <system-out>
    <![CDATA[Edit Emp Sucessful.]]>
  </system-out>
</testsuite> <!-- com.hrms.testscripts.TC003 -->
