<?xml version="1.0" encoding="UTF-8"?>
<!-- Generated by org.testng.reporters.JUnitReportReporter -->
<testsuite hostname="Ashutosh" failures="0" tests="1" name="com.hrms.testscripts.TC001" time="5.754" errors="0" timestamp="2021-12-03T01:07:12 IST" skipped="0">
  <testcase classname="com.hrms.testscripts.TC001" name="tc001" time="5.754"/>
  <system-out>
    <![CDATA[Login logout Sucessful.]]>
  </system-out>
</testsuite> <!-- com.hrms.testscripts.TC001 -->
