<?xml version="1.0" encoding="UTF-8"?>
<!-- Generated by org.testng.reporters.JUnitReportReporter -->
<testsuite hostname="Ashutosh" failures="0" tests="1" name="com.hrms.testscripts.TC002" time="23.377" errors="0" timestamp="2021-12-04T23:04:03 IST" skipped="0">
  <testcase classname="com.hrms.testscripts.TC002" name="tc002" time="23.377"/>
  <system-out>
    <![CDATA[Mhaske Akash
Falfale Dhananjay
Alane Dhananjay
Lanje Shivaji
Malshette Ashutosh
Add Emps Sucessful.]]>
  </system-out>
</testsuite> <!-- com.hrms.testscripts.TC002 -->
