<?xml version="1.0" encoding="UTF-8"?>
<!-- Generated by org.testng.reporters.JUnitReportReporter -->
<testsuite hostname="Ashutosh" failures="0" tests="1" name="com.hrms.testscripts.TC004" time="0.014" errors="1" timestamp="2022-02-11T11:19:06 IST" skipped="0">
  <testcase classname="com.hrms.testscripts.TC004" name="tc004" time="0.014">
    <error message="Unresolved compilation problems: 
	Type mismatch: cannot convert from java.lang.String to org.apache.xpath.operations.String
	Type mismatch: cannot convert from java.lang.String to org.apache.xpath.operations.String
	Type mismatch: cannot convert from java.lang.String to org.apache.xpath.operations.String
	Type mismatch: cannot convert from java.lang.String to org.apache.xpath.operations.String
	Type mismatch: cannot convert from java.lang.String to org.apache.xpath.operations.String
	Type mismatch: cannot convert from java.lang.String to org.apache.xpath.operations.String
	Type mismatch: cannot convert from java.lang.String to org.apache.xpath.operations.String
	Type mismatch: cannot convert from java.lang.String to org.apache.xpath.operations.String
	Type mismatch: cannot convert from java.lang.String to org.apache.xpath.operations.String
	Type mismatch: cannot convert from java.lang.String to org.apache.xpath.operations.String
	Type mismatch: cannot convert from java.lang.String to org.apache.xpath.operations.String
	Type mismatch: cannot convert from java.lang.String to org.apache.xpath.operations.String
	Type mismatch: cannot convert from java.lang.String to org.apache.xpath.operations.String
	Type mismatch: cannot convert from java.lang.String to org.apache.xpath.operations.String
	Type mismatch: cannot convert from java.lang.String to org.apache.xpath.operations.String
	Type mismatch: cannot convert from java.lang.String to org.apache.xpath.operations.String
	Type mismatch: cannot convert from java.lang.String to org.apache.xpath.operations.String
	Type mismatch: cannot convert from java.lang.String to org.apache.xpath.operations.String
" type="java.lang.Error">
      <![CDATA[java.lang.Error: Unresolved compilation problems: 
Type mismatch: cannot convert from java.lang.String to org.apache.xpath.operations.String
Type mismatch: cannot convert from java.lang.String to org.apache.xpath.operations.String
Type mismatch: cannot convert from java.lang.String to org.apache.xpath.operations.String
Type mismatch: cannot convert from java.lang.String to org.apache.xpath.operations.String
Type mismatch: cannot convert from java.lang.String to org.apache.xpath.operations.String
Type mismatch: cannot convert from java.lang.String to org.apache.xpath.operations.String
Type mismatch: cannot convert from java.lang.String to org.apache.xpath.operations.String
Type mismatch: cannot convert from java.lang.String to org.apache.xpath.operations.String
Type mismatch: cannot convert from java.lang.String to org.apache.xpath.operations.String
Type mismatch: cannot convert from java.lang.String to org.apache.xpath.operations.String
Type mismatch: cannot convert from java.lang.String to org.apache.xpath.operations.String
Type mismatch: cannot convert from java.lang.String to org.apache.xpath.operations.String
Type mismatch: cannot convert from java.lang.String to org.apache.xpath.operations.String
Type mismatch: cannot convert from java.lang.String to org.apache.xpath.operations.String
Type mismatch: cannot convert from java.lang.String to org.apache.xpath.operations.String
Type mismatch: cannot convert from java.lang.String to org.apache.xpath.operations.String
Type mismatch: cannot convert from java.lang.String to org.apache.xpath.operations.String
Type mismatch: cannot convert from java.lang.String to org.apache.xpath.operations.String

at com.hrms.lib.Global.<init>(Global.java:18)
at com.hrms.lib.General.<init>(General.java:16)
at com.hrms.testscripts.TC004.tc004(TC004.java:12)
at java.base/jdk.internal.reflect.NativeMethodAccessorImpl.invoke0(Native Method)
at java.base/jdk.internal.reflect.NativeMethodAccessorImpl.invoke(NativeMethodAccessorImpl.java:62)
at java.base/jdk.internal.reflect.DelegatingMethodAccessorImpl.invoke(DelegatingMethodAccessorImpl.java:43)
at java.base/java.lang.reflect.Method.invoke(Method.java:566)
at org.testng.internal.MethodInvocationHelper.invokeMethod(MethodInvocationHelper.java:133)
at org.testng.internal.TestInvoker.invokeMethod(TestInvoker.java:598)
at org.testng.internal.TestInvoker.invokeTestMethod(TestInvoker.java:173)
at org.testng.internal.MethodRunner.runInSequence(MethodRunner.java:46)
at org.testng.internal.TestInvoker$MethodInvocationAgent.invoke(TestInvoker.java:824)
at org.testng.internal.TestInvoker.invokeTestMethods(TestInvoker.java:146)
at org.testng.internal.TestMethodWorker.invokeTestMethods(TestMethodWorker.java:146)
at org.testng.internal.TestMethodWorker.run(TestMethodWorker.java:128)
at java.base/java.util.ArrayList.forEach(ArrayList.java:1541)
at org.testng.TestRunner.privateRun(TestRunner.java:794)
at org.testng.TestRunner.run(TestRunner.java:596)
at org.testng.SuiteRunner.runTest(SuiteRunner.java:377)
at org.testng.SuiteRunner.runSequentially(SuiteRunner.java:371)
at org.testng.SuiteRunner.privateRun(SuiteRunner.java:332)
at org.testng.SuiteRunner.run(SuiteRunner.java:276)
at org.testng.SuiteRunnerWorker.runSuite(SuiteRunnerWorker.java:53)
at org.testng.SuiteRunnerWorker.run(SuiteRunnerWorker.java:96)
at org.testng.TestNG.runSuitesSequentially(TestNG.java:1212)
at org.testng.TestNG.runSuitesLocally(TestNG.java:1134)
at org.testng.TestNG.runSuites(TestNG.java:1063)
at org.testng.TestNG.run(TestNG.java:1031)
at org.testng.remote.AbstractRemoteTestNG.run(AbstractRemoteTestNG.java:115)
at org.testng.remote.RemoteTestNG.initAndRun(RemoteTestNG.java:251)
at org.testng.remote.RemoteTestNG.main(RemoteTestNG.java:77)
]]>
    </error>
  </testcase> <!-- tc004 -->
  <system-out/>
</testsuite> <!-- com.hrms.testscripts.TC004 -->
