<?xml version="1.0" encoding="UTF-8"?>
<!-- Generated by org.testng.reporters.JUnitReportReporter -->
<testsuite hostname="Ashutosh" failures="0" tests="8" name="com.hrms.testscripts.TC" time="23.489" errors="0" timestamp="2021-11-25T01:56:18 IST" skipped="0">
  <testcase classname="com.hrms.testscripts.TC" name="method1" time="4.684"/>
  <system-out>
    <![CDATA[Application open Sucessfully.]]>
  </system-out>
  <testcase classname="com.hrms.testscripts.TC" name="method2" time="2.613"/>
  <system-out>
    <![CDATA[Login Sucessful.]]>
  </system-out>
  <testcase classname="com.hrms.testscripts.TC" name="method3" time="0.077"/>
  <system-out>
    <![CDATA[Enter into Frame Sucessful.]]>
  </system-out>
  <testcase classname="com.hrms.testscripts.TC" name="method4" time="7.831"/>
  <system-out>
    <![CDATA[Add Emp Sucessful.]]>
  </system-out>
  <testcase classname="com.hrms.testscripts.TC" name="method5" time="7.919"/>
  <system-out>
    <![CDATA[Edit Emp Sucessful.]]>
  </system-out>
  <testcase classname="com.hrms.testscripts.TC" name="method6" time="0.019"/>
  <system-out>
    <![CDATA[Exit from Frame Sucessful.]]>
  </system-out>
  <testcase classname="com.hrms.testscripts.TC" name="method7" time="0.090"/>
  <system-out>
    <![CDATA[Logout Sucessful.]]>
  </system-out>
  <testcase classname="com.hrms.testscripts.TC" name="method8" time="0.256"/>
  <system-out>
    <![CDATA[Close Application Sucessful.]]>
  </system-out>
</testsuite> <!-- com.hrms.testscripts.TC -->
